Using pre-set license
Built from '2020.3/staging' branch; Version is '2020.3.0f1 (c7b5465681fb) revision 13088070'; Using compiler version '192528614'; Build Type 'Release'
OS: 'Windows 10 Home China; OS build 22000.493; Version 2009; 64bit' Language: 'zh' Physical Memory: 16252 MB
BatchMode: 1, IsHumanControllingUs: 0, StartBugReporterOnCrash: 0, Is64bit: 1, IsPro: 0

 COMMAND LINE ARGUMENTS:
E:\Unity\Hub\Editor\2020.3.0f1\Editor\Unity.exe
-adb2
-batchMode
-noUpm
-name
AssetImportWorker0
-projectPath
E:/_MyProjects/Unity/Quad
-logFile
Logs/AssetImportWorker0.log
-srvPort
10521
Successfully changed project path to: E:/_MyProjects/Unity/Quad
E:/_MyProjects/Unity/Quad
Using Asset Import Pipeline V2.
Refreshing native plugins compatible for Editor in 30.38 ms, found 1 plugins.
Preloading 0 native plugins for Editor in 0.00 ms.
Initialize engine version: 2020.3.0f1 (c7b5465681fb)
[Subsystems] Discovering subsystems at path E:/Unity/Hub/Editor/2020.3.0f1/Editor/Data/Resources/UnitySubsystems
[Subsystems] Discovering subsystems at path E:/_MyProjects/Unity/Quad/Assets
GfxDevice: creating device client; threaded=0
Direct3D:
    Version:  Direct3D 11.0 [level 11.1]
    Renderer: NVIDIA GeForce RTX 3060 Laptop GPU (ID=0x2560)
    Vendor:   
    VRAM:     6023 MB
    Driver:   30.0.15.1165
Initialize mono
Mono path[0] = 'E:/Unity/Hub/Editor/2020.3.0f1/Editor/Data/Managed'
Mono path[1] = 'E:/Unity/Hub/Editor/2020.3.0f1/Editor/Data/MonoBleedingEdge/lib/mono/unityjit'
Mono config path = 'E:/Unity/Hub/Editor/2020.3.0f1/Editor/Data/MonoBleedingEdge/etc'
Using monoOptions --debugger-agent=transport=dt_socket,embedding=1,server=y,suspend=n,address=127.0.0.1:56588
Begin MonoManager ReloadAssembly
Registering precompiled unity dll's ...
Register platform support module: E:/Unity/Hub/Editor/2020.3.0f1/Editor/Data/PlaybackEngines/WebGLSupport/UnityEditor.WebGL.Extensions.dll
Register platform support module: E:/Unity/Hub/Editor/2020.3.0f1/Editor/Data/PlaybackEngines/WindowsStandaloneSupport/UnityEditor.WindowsStandalone.Extensions.dll
Registered in 0.000992 seconds.
Native extension for WindowsStandalone target not found
Native extension for WebGL target not found
Refreshing native plugins compatible for Editor in 29.96 ms, found 1 plugins.
Preloading 0 native plugins for Editor in 0.00 ms.
Invoked RoslynAnalysisRunner static constructor.
RoslynAnalysisRunner will not be running.
RoslynAnalysisRunner has terminated.
Mono: successfully reloaded assembly
- Completed reload, in  1.039 seconds
Platform modules already initialized, skipping
Registering precompiled user dll's ...
Registered in 0.001828 seconds.
Begin MonoManager ReloadAssembly
Native extension for WindowsStandalone target not found
Native extension for WebGL target not found
Refreshing native plugins compatible for Editor in 31.09 ms, found 1 plugins.
Preloading 0 native plugins for Editor in 0.00 ms.
Invoked RoslynAnalysisRunner static constructor.
RoslynAnalysisRunner will not be running.
RoslynAnalysisRunner has terminated.
Mono: successfully reloaded assembly
- Completed reload, in  0.702 seconds
Platform modules already initialized, skipping
========================================================================
Worker process is ready to serve import requests
Launched and connected shader compiler UnityShaderCompiler.exe after 0.03 seconds
Refreshing native plugins compatible for Editor in 0.43 ms, found 1 plugins.
Preloading 0 native plugins for Editor in 0.00 ms.
Unloading 2033 Unused Serialized files (Serialized files now loaded: 0)
System memory in use before: 94.5 MB.
System memory in use after: 94.5 MB.

Unloading 25 unused Assets to reduce memory usage. Loaded Objects now: 2476.
Total: 2.086200 ms (FindLiveObjects: 0.261600 ms CreateObjectMapping: 0.079000 ms MarkObjects: 1.674400 ms  DeleteObjects: 0.070200 ms)

========================================================================
Received Import Request.
  path: Assets/Scenes
  artifactKey: Guid(131a6b21c8605f84396be9f6751fb6e3) Importer(815301076,1909f56bfc062723c751e8b465ee728b)
Start importing Assets/Scenes using Guid(131a6b21c8605f84396be9f6751fb6e3) Importer(815301076,1909f56bfc062723c751e8b465ee728b)  -> (artifact id: '98f56b0bc0a279c6b68d78cc20084d56') in 0.004590 seconds
  Import took 0.007639 seconds .

========================================================================
Received Import Request.
  Time since last request: 0.000189 seconds.
  path: Assets/Scenes/Menu.unity
  artifactKey: Guid(2cda990e2423bbf4892e6590ba056729) Importer(815301076,1909f56bfc062723c751e8b465ee728b)
Start importing Assets/Scenes/Menu.unity using Guid(2cda990e2423bbf4892e6590ba056729) Importer(815301076,1909f56bfc062723c751e8b465ee728b)  -> (artifact id: '0ae0f2e1acd778b4727fa0284b438b05') in 0.007775 seconds
  Import took 0.010146 seconds .

========================================================================
Received Prepare
Registering precompiled user dll's ...
Registered in 0.001789 seconds.
Begin MonoManager ReloadAssembly
Native extension for WindowsStandalone target not found
Native extension for WebGL target not found
Refreshing native plugins compatible for Editor in 0.45 ms, found 1 plugins.
Preloading 0 native plugins for Editor in 0.00 ms.
Invoked RoslynAnalysisRunner static constructor.
RoslynAnalysisRunner will not be running.
RoslynAnalysisRunner has terminated.
Mono: successfully reloaded assembly
- Completed reload, in  0.633 seconds
Platform modules already initialized, skipping
Refreshing native plugins compatible for Editor in 0.42 ms, found 1 plugins.
Preloading 0 native plugins for Editor in 0.00 ms.
Unloading 2022 Unused Serialized files (Serialized files now loaded: 0)
System memory in use before: 94.0 MB.
System memory in use after: 94.1 MB.

Unloading 12 unused Assets to reduce memory usage. Loaded Objects now: 2481.
Total: 1.872100 ms (FindLiveObjects: 0.246000 ms CreateObjectMapping: 0.053500 ms MarkObjects: 1.555600 ms  DeleteObjects: 0.016000 ms)

========================================================================
Received Import Request.
  Time since last request: 914.843253 seconds.
  path: Assets
  artifactKey: Guid(00000000000000001000000000000000) Importer(815301076,1909f56bfc062723c751e8b465ee728b)
Start importing Assets using Guid(00000000000000001000000000000000) Importer(815301076,1909f56bfc062723c751e8b465ee728b)  -> (artifact id: '42baae205c97e3337697759514652acd') in 0.004791 seconds
  Import took 0.007831 seconds .

========================================================================
Received Import Request.
  Time since last request: 6.474861 seconds.
  path: Assets/Prefabs
  artifactKey: Guid(f9ef909c7c8499b40b6602e7bbc0bd9b) Importer(815301076,1909f56bfc062723c751e8b465ee728b)
Start importing Assets/Prefabs using Guid(f9ef909c7c8499b40b6602e7bbc0bd9b) Importer(815301076,1909f56bfc062723c751e8b465ee728b)  -> (artifact id: '1901cdb96436b28058c5696336af0955') in 0.001697 seconds
  Import took 0.004502 seconds .

========================================================================
Received Import Request.
  Time since last request: 13.434292 seconds.
  path: Assets/Prefabs/RoomListing.prefab
  artifactKey: Guid(5c87f4ffa8b429d4b8579fec6c8f5d71) Importer(815301076,1909f56bfc062723c751e8b465ee728b)
Start importing Assets/Prefabs/RoomListing.prefab using Guid(5c87f4ffa8b429d4b8579fec6c8f5d71) Importer(815301076,1909f56bfc062723c751e8b465ee728b)  -> (artifact id: '7fe4bdfdae8d53f9c3c94fa804b80f43') in 0.041445 seconds
  Import took 0.044384 seconds .

========================================================================
Received Import Request.
  Time since last request: 284.765143 seconds.
  path: Assets/Prefabs/PlayerListing.prefab
  artifactKey: Guid(2bad4fcd722fab74f9f7e5bb7af14a7d) Importer(815301076,1909f56bfc062723c751e8b465ee728b)
Start importing Assets/Prefabs/PlayerListing.prefab using Guid(2bad4fcd722fab74f9f7e5bb7af14a7d) Importer(815301076,1909f56bfc062723c751e8b465ee728b)  -> (artifact id: '1fbf7ce68b6ffccb68e675b360ec4bbb') in 0.003131 seconds
  Import took 0.006150 seconds .

========================================================================
Received Import Request.
  Time since last request: 0.000329 seconds.
  path: Assets/Prefabs/PlayerListing.prefab
  artifactKey: Guid(2bad4fcd722fab74f9f7e5bb7af14a7d) Importer(815301076,1909f56bfc062723c751e8b465ee728b)
Start importing Assets/Prefabs/PlayerListing.prefab using Guid(2bad4fcd722fab74f9f7e5bb7af14a7d) Importer(815301076,1909f56bfc062723c751e8b465ee728b)  -> (artifact id: '1fbf7ce68b6ffccb68e675b360ec4bbb') in 0.002610 seconds
  Import took 0.005061 seconds .

========================================================================
Received Import Request.
  Time since last request: 19.165431 seconds.
  path: Assets/Prefabs/PlayerListing.prefab
  artifactKey: Guid(2bad4fcd722fab74f9f7e5bb7af14a7d) Importer(815301076,1909f56bfc062723c751e8b465ee728b)
Start importing Assets/Prefabs/PlayerListing.prefab using Guid(2bad4fcd722fab74f9f7e5bb7af14a7d) Importer(815301076,1909f56bfc062723c751e8b465ee728b)  -> (artifact id: 'c239d83177bad7d8a7791f56fa05253c') in 0.002732 seconds
  Import took 0.005600 seconds .

========================================================================
Received Import Request.
  Time since last request: 0.003036 seconds.
  path: Assets/Prefabs/PlayerListing.prefab
  artifactKey: Guid(2bad4fcd722fab74f9f7e5bb7af14a7d) Importer(815301076,1909f56bfc062723c751e8b465ee728b)
Start importing Assets/Prefabs/PlayerListing.prefab using Guid(2bad4fcd722fab74f9f7e5bb7af14a7d) Importer(815301076,1909f56bfc062723c751e8b465ee728b)  -> (artifact id: 'c239d83177bad7d8a7791f56fa05253c') in 0.003106 seconds
  Import took 0.006036 seconds .

========================================================================
Received Import Request.
  Time since last request: 71.109069 seconds.
  path: Assets/Prefabs/PlayerListing.prefab
  artifactKey: Guid(2bad4fcd722fab74f9f7e5bb7af14a7d) Importer(815301076,1909f56bfc062723c751e8b465ee728b)
Start importing Assets/Prefabs/PlayerListing.prefab using Guid(2bad4fcd722fab74f9f7e5bb7af14a7d) Importer(815301076,1909f56bfc062723c751e8b465ee728b)  -> (artifact id: 'd69a51166930446c5a2b3538bdc0d93f') in 0.003781 seconds
  Import took 0.006824 seconds .

========================================================================
Received Import Request.
  Time since last request: 138.291378 seconds.
  path: Assets/Scripts/InMenu
  artifactKey: Guid(60a67c42eabe4a3488b0768572530967) Importer(815301076,1909f56bfc062723c751e8b465ee728b)
Start importing Assets/Scripts/InMenu using Guid(60a67c42eabe4a3488b0768572530967) Importer(815301076,1909f56bfc062723c751e8b465ee728b)  -> (artifact id: '239c58e294d7e232ce0c6dd5d14df20e') in 0.001542 seconds
  Import took 0.004526 seconds .

========================================================================
Received Prepare
Registering precompiled user dll's ...
Registered in 0.002027 seconds.
Begin MonoManager ReloadAssembly
Native extension for WindowsStandalone target not found
Native extension for WebGL target not found
Refreshing native plugins compatible for Editor in 0.45 ms, found 1 plugins.
Preloading 0 native plugins for Editor in 0.00 ms.
Invoked RoslynAnalysisRunner static constructor.
RoslynAnalysisRunner will not be running.
RoslynAnalysisRunner has terminated.
Mono: successfully reloaded assembly
- Completed reload, in  0.642 seconds
Platform modules already initialized, skipping
Refreshing native plugins compatible for Editor in 0.44 ms, found 1 plugins.
Preloading 0 native plugins for Editor in 0.00 ms.
Unloading 2022 Unused Serialized files (Serialized files now loaded: 0)
System memory in use before: 94.1 MB.
System memory in use after: 94.2 MB.

Unloading 13 unused Assets to reduce memory usage. Loaded Objects now: 2488.
Total: 1.994900 ms (FindLiveObjects: 0.238500 ms CreateObjectMapping: 0.105900 ms MarkObjects: 1.626400 ms  DeleteObjects: 0.023300 ms)

========================================================================
Received Prepare
Registering precompiled user dll's ...
Registered in 0.001789 seconds.
Begin MonoManager ReloadAssembly
Native extension for WindowsStandalone target not found
Native extension for WebGL target not found
Refreshing native plugins compatible for Editor in 0.46 ms, found 1 plugins.
Preloading 0 native plugins for Editor in 0.00 ms.
Invoked RoslynAnalysisRunner static constructor.
RoslynAnalysisRunner will not be running.
RoslynAnalysisRunner has terminated.
Mono: successfully reloaded assembly
- Completed reload, in  0.621 seconds
Platform modules already initialized, skipping
Refreshing native plugins compatible for Editor in 0.40 ms, found 1 plugins.
Preloading 0 native plugins for Editor in 0.00 ms.
Unloading 2022 Unused Serialized files (Serialized files now loaded: 0)
System memory in use before: 94.1 MB.
System memory in use after: 94.2 MB.

Unloading 12 unused Assets to reduce memory usage. Loaded Objects now: 2493.
Total: 1.907000 ms (FindLiveObjects: 0.225400 ms CreateObjectMapping: 0.052300 ms MarkObjects: 1.613500 ms  DeleteObjects: 0.015100 ms)

========================================================================
Received Prepare
Registering precompiled user dll's ...
Registered in 0.001860 seconds.
Begin MonoManager ReloadAssembly
Native extension for WindowsStandalone target not found
Native extension for WebGL target not found
Refreshing native plugins compatible for Editor in 0.44 ms, found 1 plugins.
Preloading 0 native plugins for Editor in 0.00 ms.
Invoked RoslynAnalysisRunner static constructor.
RoslynAnalysisRunner will not be running.
RoslynAnalysisRunner has terminated.
Mono: successfully reloaded assembly
- Completed reload, in  0.634 seconds
Platform modules already initialized, skipping
Refreshing native plugins compatible for Editor in 0.46 ms, found 1 plugins.
Preloading 0 native plugins for Editor in 0.00 ms.
Unloading 2022 Unused Serialized files (Serialized files now loaded: 0)
System memory in use before: 94.1 MB.
System memory in use after: 94.3 MB.

Unloading 12 unused Assets to reduce memory usage. Loaded Objects now: 2498.
Total: 2.123800 ms (FindLiveObjects: 0.258100 ms CreateObjectMapping: 0.107400 ms MarkObjects: 1.742800 ms  DeleteObjects: 0.014400 ms)

========================================================================
Received Import Request.
  Time since last request: 867.345525 seconds.
  path: Assets/Scenes/Level1.unity
  artifactKey: Guid(e20f0a01b1c6daa48988efb4f72569eb) Importer(815301076,1909f56bfc062723c751e8b465ee728b)
Start importing Assets/Scenes/Level1.unity using Guid(e20f0a01b1c6daa48988efb4f72569eb) Importer(815301076,1909f56bfc062723c751e8b465ee728b)  -> (artifact id: 'cde16810f4b2dd2a9bb2ae9686624fa9') in 0.012075 seconds
  Import took 0.015643 seconds .

========================================================================
Received Import Request.
  Time since last request: 1204.041207 seconds.
  path: Assets/Sprites
  artifactKey: Guid(b5bbbcfb8e2142f4a9e48f44f8b340a8) Importer(815301076,1909f56bfc062723c751e8b465ee728b)
Start importing Assets/Sprites using Guid(b5bbbcfb8e2142f4a9e48f44f8b340a8) Importer(815301076,1909f56bfc062723c751e8b465ee728b)  -> (artifact id: '4ed5599ed0469af6fdd88106792ed573') in 0.001672 seconds
  Import took 0.004825 seconds .

========================================================================
Received Import Request.
  Time since last request: 0.000544 seconds.
  path: Assets/Sprites
  artifactKey: Guid(b5bbbcfb8e2142f4a9e48f44f8b340a8) Importer(815301076,1909f56bfc062723c751e8b465ee728b)
Start importing Assets/Sprites using Guid(b5bbbcfb8e2142f4a9e48f44f8b340a8) Importer(815301076,1909f56bfc062723c751e8b465ee728b)  -> (artifact id: '4ed5599ed0469af6fdd88106792ed573') in 0.001653 seconds
  Import took 0.004460 seconds .

========================================================================
Received Import Request.
  Time since last request: 10.446608 seconds.
  path: Assets/Sprites/Square.png
  artifactKey: Guid(fe5346ba61ee72f449a15295726ca415) Importer(815301076,1909f56bfc062723c751e8b465ee728b)
Start importing Assets/Sprites/Square.png using Guid(fe5346ba61ee72f449a15295726ca415) Importer(815301076,1909f56bfc062723c751e8b465ee728b)  -> (artifact id: 'c45cbde53e42808bfb7eaa6dac17ec91') in 0.054356 seconds
  Import took 0.057406 seconds .

========================================================================
Received Import Request.
  Time since last request: 9.181139 seconds.
  path: Assets/Sprites/Wall.png
  artifactKey: Guid(fe5346ba61ee72f449a15295726ca415) Importer(815301076,1909f56bfc062723c751e8b465ee728b)
Start importing Assets/Sprites/Wall.png using Guid(fe5346ba61ee72f449a15295726ca415) Importer(815301076,1909f56bfc062723c751e8b465ee728b)  -> (artifact id: 'c03b64dab66406de50f4c6aab756a964') in 0.009230 seconds
  Import took 0.012145 seconds .

========================================================================
Received Import Request.
  Time since last request: 0.008529 seconds.
  path: Assets/Sprites/Wall.png
  artifactKey: Guid(fe5346ba61ee72f449a15295726ca415) Importer(815301076,1909f56bfc062723c751e8b465ee728b)
Start importing Assets/Sprites/Wall.png using Guid(fe5346ba61ee72f449a15295726ca415) Importer(815301076,1909f56bfc062723c751e8b465ee728b)  -> (artifact id: 'c03b64dab66406de50f4c6aab756a964') in 0.008292 seconds
  Import took 0.011273 seconds .

========================================================================
Received Import Request.
  Time since last request: 160.179467 seconds.
  path: Assets/Sprites/Square.png
  artifactKey: Guid(0e6a2296c2d08e24a9627aaf5afd1879) Importer(815301076,1909f56bfc062723c751e8b465ee728b)
Start importing Assets/Sprites/Square.png using Guid(0e6a2296c2d08e24a9627aaf5afd1879) Importer(815301076,1909f56bfc062723c751e8b465ee728b)  -> (artifact id: '003ff60f98893ccd93ff5903c89c60ec') in 0.006895 seconds
  Import took 0.009975 seconds .

========================================================================
Received Import Request.
  Time since last request: 186.295286 seconds.
  path: Assets/Sprites/Wall.png
  artifactKey: Guid(b3029b96dc619df42a06c44b1ef8baed) Importer(815301076,1909f56bfc062723c751e8b465ee728b)
Start importing Assets/Sprites/Wall.png using Guid(b3029b96dc619df42a06c44b1ef8baed) Importer(815301076,1909f56bfc062723c751e8b465ee728b)  -> (artifact id: 'e93f3d01f511bc62bb8d27a26c7594a0') in 0.008852 seconds
  Import took 0.011786 seconds .

========================================================================
Received Import Request.
  Time since last request: 464.421163 seconds.
  path: Assets/Sprites/Door.png
  artifactKey: Guid(e1e51601ab3799946a5159e90b9bcb35) Importer(815301076,1909f56bfc062723c751e8b465ee728b)
Start importing Assets/Sprites/Door.png using Guid(e1e51601ab3799946a5159e90b9bcb35) Importer(815301076,1909f56bfc062723c751e8b465ee728b)  -> (artifact id: '14149e742ec64ab6d2018f2c7094be4d') in 0.013631 seconds
  Import took 0.016778 seconds .

========================================================================
Received Import Request.
  Time since last request: 4022.473234 seconds.
  path: Assets/Scripts
  artifactKey: Guid(1357d9387dcde874892ee9a4737f55ee) Importer(815301076,1909f56bfc062723c751e8b465ee728b)
Start importing Assets/Scripts using Guid(1357d9387dcde874892ee9a4737f55ee) Importer(815301076,1909f56bfc062723c751e8b465ee728b)  -> (artifact id: '006351508aa5aea569feb1bb5a3c862a') in 0.002743 seconds
  Import took 0.021425 seconds .

========================================================================
Received Import Request.
  Time since last request: 20.126463 seconds.
  path: Assets/Scripts/PhotonPlayer.cs
  artifactKey: Guid(5734c6d99f1ff78409be00199356d22f) Importer(815301076,1909f56bfc062723c751e8b465ee728b)
Start importing Assets/Scripts/PhotonPlayer.cs using Guid(5734c6d99f1ff78409be00199356d22f) Importer(815301076,1909f56bfc062723c751e8b465ee728b)  -> (artifact id: 'a44ca83f3ab62bac1bb6c710377140ed') in 0.020673 seconds
  Import took 0.023548 seconds .

========================================================================
Received Prepare
Registering precompiled user dll's ...
Registered in 0.002294 seconds.
Begin MonoManager ReloadAssembly
Native extension for WindowsStandalone target not found
Native extension for WebGL target not found
Refreshing native plugins compatible for Editor in 0.46 ms, found 1 plugins.
Preloading 0 native plugins for Editor in 0.00 ms.
Invoked RoslynAnalysisRunner static constructor.
RoslynAnalysisRunner will not be running.
RoslynAnalysisRunner has terminated.
Mono: successfully reloaded assembly
- Completed reload, in  0.776 seconds
Platform modules already initialized, skipping
Refreshing native plugins compatible for Editor in 0.52 ms, found 1 plugins.
Preloading 0 native plugins for Editor in 0.00 ms.
Unloading 2023 Unused Serialized files (Serialized files now loaded: 0)
System memory in use before: 97.1 MB.
System memory in use after: 97.3 MB.

Unloading 12 unused Assets to reduce memory usage. Loaded Objects now: 2510.
Total: 2.180400 ms (FindLiveObjects: 0.247600 ms CreateObjectMapping: 0.057200 ms MarkObjects: 1.854600 ms  DeleteObjects: 0.020000 ms)

========================================================================
Received Prepare
Registering precompiled user dll's ...
Registered in 0.001969 seconds.
Begin MonoManager ReloadAssembly
Native extension for WindowsStandalone target not found
Native extension for WebGL target not found
Refreshing native plugins compatible for Editor in 0.46 ms, found 1 plugins.
Preloading 0 native plugins for Editor in 0.00 ms.
Invoked RoslynAnalysisRunner static constructor.
RoslynAnalysisRunner will not be running.
RoslynAnalysisRunner has terminated.
Mono: successfully reloaded assembly
- Completed reload, in  0.714 seconds
Platform modules already initialized, skipping
Refreshing native plugins compatible for Editor in 0.45 ms, found 1 plugins.
Preloading 0 native plugins for Editor in 0.00 ms.
Unloading 2023 Unused Serialized files (Serialized files now loaded: 0)
System memory in use before: 97.1 MB.
System memory in use after: 97.3 MB.

Unloading 12 unused Assets to reduce memory usage. Loaded Objects now: 2515.
Total: 1.978200 ms (FindLiveObjects: 0.237100 ms CreateObjectMapping: 0.099900 ms MarkObjects: 1.622200 ms  DeleteObjects: 0.017700 ms)

========================================================================
Received Import Request.
  Time since last request: 99.271307 seconds.
  path: Assets/Scripts/PhotonPlayer.cs
  artifactKey: Guid(5734c6d99f1ff78409be00199356d22f) Importer(815301076,1909f56bfc062723c751e8b465ee728b)
Start importing Assets/Scripts/PhotonPlayer.cs using Guid(5734c6d99f1ff78409be00199356d22f) Importer(815301076,1909f56bfc062723c751e8b465ee728b)  -> (artifact id: '93e75c12cf0a790a6749a6a6e355bf61') in 0.004541 seconds
  Import took 0.007509 seconds .

========================================================================
Received Import Request.
  Time since last request: 9.019651 seconds.
  path: Assets/Scripts/GameSetup.cs
  artifactKey: Guid(dca8cd60780ddfe40accba3cd7fcc4fb) Importer(815301076,1909f56bfc062723c751e8b465ee728b)
Start importing Assets/Scripts/GameSetup.cs using Guid(dca8cd60780ddfe40accba3cd7fcc4fb) Importer(815301076,1909f56bfc062723c751e8b465ee728b)  -> (artifact id: 'f4c5f1f470fcd5334abb2c77a7a41fdc') in 0.001602 seconds
  Import took 0.004472 seconds .

========================================================================
Received Prepare
Registering precompiled user dll's ...
Registered in 0.001846 seconds.
Begin MonoManager ReloadAssembly
Native extension for WindowsStandalone target not found
Native extension for WebGL target not found
Refreshing native plugins compatible for Editor in 0.45 ms, found 1 plugins.
Preloading 0 native plugins for Editor in 0.00 ms.
Invoked RoslynAnalysisRunner static constructor.
RoslynAnalysisRunner will not be running.
RoslynAnalysisRunner has terminated.
Mono: successfully reloaded assembly
- Completed reload, in  0.649 seconds
Platform modules already initialized, skipping
Refreshing native plugins compatible for Editor in 0.45 ms, found 1 plugins.
Preloading 0 native plugins for Editor in 0.00 ms.
Unloading 2024 Unused Serialized files (Serialized files now loaded: 0)
System memory in use before: 97.2 MB.
System memory in use after: 97.3 MB.

Unloading 12 unused Assets to reduce memory usage. Loaded Objects now: 2521.
Total: 1.698300 ms (FindLiveObjects: 0.189500 ms CreateObjectMapping: 0.044600 ms MarkObjects: 1.448200 ms  DeleteObjects: 0.015200 ms)

========================================================================
Received Prepare
Registering precompiled user dll's ...
Registered in 0.002069 seconds.
Begin MonoManager ReloadAssembly
Native extension for WindowsStandalone target not found
Native extension for WebGL target not found
Refreshing native plugins compatible for Editor in 0.46 ms, found 1 plugins.
Preloading 0 native plugins for Editor in 0.00 ms.
Invoked RoslynAnalysisRunner static constructor.
RoslynAnalysisRunner will not be running.
RoslynAnalysisRunner has terminated.
Mono: successfully reloaded assembly
- Completed reload, in  0.657 seconds
Platform modules already initialized, skipping
Refreshing native plugins compatible for Editor in 0.45 ms, found 1 plugins.
Preloading 0 native plugins for Editor in 0.00 ms.
Unloading 2024 Unused Serialized files (Serialized files now loaded: 0)
System memory in use before: 97.2 MB.
System memory in use after: 97.3 MB.

Unloading 12 unused Assets to reduce memory usage. Loaded Objects now: 2526.
Total: 2.370600 ms (FindLiveObjects: 0.277000 ms CreateObjectMapping: 0.110100 ms MarkObjects: 1.927500 ms  DeleteObjects: 0.054700 ms)

========================================================================
Received Import Request.
  Time since last request: 122.052722 seconds.
  path: Assets/Scripts/GameSetup.cs
  artifactKey: Guid(dca8cd60780ddfe40accba3cd7fcc4fb) Importer(815301076,1909f56bfc062723c751e8b465ee728b)
Start importing Assets/Scripts/GameSetup.cs using Guid(dca8cd60780ddfe40accba3cd7fcc4fb) Importer(815301076,1909f56bfc062723c751e8b465ee728b)  -> (artifact id: 'a993669bc7af1d2755f339fc87b22b70') in 0.004277 seconds
  Import took 0.007357 seconds .

========================================================================
Received Prepare
Registering precompiled user dll's ...
Registered in 0.001958 seconds.
Begin MonoManager ReloadAssembly
Native extension for WindowsStandalone target not found
Native extension for WebGL target not found
Refreshing native plugins compatible for Editor in 0.45 ms, found 1 plugins.
Preloading 0 native plugins for Editor in 0.00 ms.
Invoked RoslynAnalysisRunner static constructor.
RoslynAnalysisRunner will not be running.
RoslynAnalysisRunner has terminated.
Mono: successfully reloaded assembly
- Completed reload, in  0.666 seconds
Platform modules already initialized, skipping
Refreshing native plugins compatible for Editor in 0.50 ms, found 1 plugins.
Preloading 0 native plugins for Editor in 0.00 ms.
Unloading 2024 Unused Serialized files (Serialized files now loaded: 0)
System memory in use before: 97.2 MB.
System memory in use after: 97.3 MB.

Unloading 12 unused Assets to reduce memory usage. Loaded Objects now: 2531.
Total: 2.404100 ms (FindLiveObjects: 0.256700 ms CreateObjectMapping: 0.060500 ms MarkObjects: 2.062800 ms  DeleteObjects: 0.022400 ms)

========================================================================
Received Import Request.
  Time since last request: 888.613683 seconds.
  path: Assets/Prefabs/Player.prefab
  artifactKey: Guid(56e7eb97263ade44f90b808c6bf98846) Importer(815301076,1909f56bfc062723c751e8b465ee728b)
Start importing Assets/Prefabs/Player.prefab using Guid(56e7eb97263ade44f90b808c6bf98846) Importer(815301076,1909f56bfc062723c751e8b465ee728b)  -> (artifact id: '06d02eb1a28093da74e505cc8c63b38e') in 0.053107 seconds
  Import took 0.056544 seconds .

========================================================================
Received Import Request.
  Time since last request: 0.027588 seconds.
  path: Assets/Prefabs/Player.prefab
  artifactKey: Guid(56e7eb97263ade44f90b808c6bf98846) Importer(815301076,1909f56bfc062723c751e8b465ee728b)
Start importing Assets/Prefabs/Player.prefab using Guid(56e7eb97263ade44f90b808c6bf98846) Importer(815301076,1909f56bfc062723c751e8b465ee728b)  -> (artifact id: 'defa7b57b662c28355e35fbb57b7b893') in 0.006957 seconds
  Import took 0.010016 seconds .

========================================================================
Received Import Request.
  Time since last request: 0.001696 seconds.
  path: Assets/Prefabs/Player.prefab
  artifactKey: Guid(56e7eb97263ade44f90b808c6bf98846) Importer(815301076,1909f56bfc062723c751e8b465ee728b)
Start importing Assets/Prefabs/Player.prefab using Guid(56e7eb97263ade44f90b808c6bf98846) Importer(815301076,1909f56bfc062723c751e8b465ee728b)  -> (artifact id: 'defa7b57b662c28355e35fbb57b7b893') in 0.008420 seconds
  Import took 0.011362 seconds .

========================================================================
Received Prepare
Registering precompiled user dll's ...
Registered in 0.001908 seconds.
Begin MonoManager ReloadAssembly
Native extension for WindowsStandalone target not found
Native extension for WebGL target not found
Refreshing native plugins compatible for Editor in 0.46 ms, found 1 plugins.
Preloading 0 native plugins for Editor in 0.00 ms.
Invoked RoslynAnalysisRunner static constructor.
RoslynAnalysisRunner will not be running.
RoslynAnalysisRunner has terminated.
Mono: successfully reloaded assembly
- Completed reload, in  0.655 seconds
Platform modules already initialized, skipping
Refreshing native plugins compatible for Editor in 0.45 ms, found 1 plugins.
Preloading 0 native plugins for Editor in 0.00 ms.
Unloading 2024 Unused Serialized files (Serialized files now loaded: 0)
System memory in use before: 97.3 MB.
System memory in use after: 97.4 MB.

Unloading 12 unused Assets to reduce memory usage. Loaded Objects now: 2540.
Total: 2.358900 ms (FindLiveObjects: 0.288900 ms CreateObjectMapping: 0.131400 ms MarkObjects: 1.919700 ms  DeleteObjects: 0.017400 ms)

========================================================================
Received Prepare
Registering precompiled user dll's ...
Registered in 0.002008 seconds.
Begin MonoManager ReloadAssembly
Native extension for WindowsStandalone target not found
Native extension for WebGL target not found
Refreshing native plugins compatible for Editor in 0.47 ms, found 1 plugins.
Preloading 0 native plugins for Editor in 0.00 ms.
Invoked RoslynAnalysisRunner static constructor.
RoslynAnalysisRunner will not be running.
RoslynAnalysisRunner has terminated.
Mono: successfully reloaded assembly
- Completed reload, in  0.681 seconds
Platform modules already initialized, skipping
Refreshing native plugins compatible for Editor in 0.46 ms, found 1 plugins.
Preloading 0 native plugins for Editor in 0.00 ms.
Unloading 2024 Unused Serialized files (Serialized files now loaded: 0)
System memory in use before: 97.3 MB.
System memory in use after: 97.4 MB.

Unloading 12 unused Assets to reduce memory usage. Loaded Objects now: 2545.
Total: 2.116500 ms (FindLiveObjects: 0.238700 ms CreateObjectMapping: 0.102700 ms MarkObjects: 1.754000 ms  DeleteObjects: 0.019900 ms)

========================================================================
Received Import Request.
  Time since last request: 312.904034 seconds.
  path: Assets/Prefabs/Player.prefab
  artifactKey: Guid(56e7eb97263ade44f90b808c6bf98846) Importer(815301076,1909f56bfc062723c751e8b465ee728b)
Start importing Assets/Prefabs/Player.prefab using Guid(56e7eb97263ade44f90b808c6bf98846) Importer(815301076,1909f56bfc062723c751e8b465ee728b)  -> (artifact id: '351ea30dcb0a1220d3a3a0be94f3f782') in 0.019074 seconds
  Import took 0.022092 seconds .

========================================================================
Received Import Request.
  Time since last request: 238.955011 seconds.
  path: Assets/Prefabs/PhotonNetworkPlayer.prefab
  artifactKey: Guid(56e7eb97263ade44f90b808c6bf98846) Importer(815301076,1909f56bfc062723c751e8b465ee728b)
Start importing Assets/Prefabs/PhotonNetworkPlayer.prefab using Guid(56e7eb97263ade44f90b808c6bf98846) Importer(815301076,1909f56bfc062723c751e8b465ee728b)  -> (artifact id: '11921993c349fb1357dabed4a8962152') in 0.002822 seconds
  Import took 0.005790 seconds .

========================================================================
Received Import Request.
  Time since last request: 0.002381 seconds.
  path: Assets/Prefabs/PhotonNetworkPlayer.prefab
  artifactKey: Guid(56e7eb97263ade44f90b808c6bf98846) Importer(815301076,1909f56bfc062723c751e8b465ee728b)
Start importing Assets/Prefabs/PhotonNetworkPlayer.prefab using Guid(56e7eb97263ade44f90b808c6bf98846) Importer(815301076,1909f56bfc062723c751e8b465ee728b)  -> (artifact id: '11921993c349fb1357dabed4a8962152') in 0.002508 seconds
  Import took 0.005329 seconds .

========================================================================
Received Import Request.
  Time since last request: 25.170700 seconds.
  path: Assets/Prefabs/PhotonNetworkPlayer.prefab
  artifactKey: Guid(56e7eb97263ade44f90b808c6bf98846) Importer(815301076,1909f56bfc062723c751e8b465ee728b)
Start importing Assets/Prefabs/PhotonNetworkPlayer.prefab using Guid(56e7eb97263ade44f90b808c6bf98846) Importer(815301076,1909f56bfc062723c751e8b465ee728b)  -> (artifact id: 'fa7c01a17a35e040ba37121fd87ac268') in 0.002633 seconds
  Import took 0.005420 seconds .

========================================================================
Received Import Request.
  Time since last request: 122.538300 seconds.
  path: Assets/Prefabs/Player.prefab
  artifactKey: Guid(d447ba22adc4e0640a6853a3c70bcdb5) Importer(815301076,1909f56bfc062723c751e8b465ee728b)
Start importing Assets/Prefabs/Player.prefab using Guid(d447ba22adc4e0640a6853a3c70bcdb5) Importer(815301076,1909f56bfc062723c751e8b465ee728b)  -> (artifact id: '5cf5e70e2e98bf1b765339b579a96ca5') in 0.025968 seconds
  Import took 0.029203 seconds .

========================================================================
Received Import Request.
  Time since last request: 0.244474 seconds.
  path: Assets/Prefabs/Player.prefab
  artifactKey: Guid(d447ba22adc4e0640a6853a3c70bcdb5) Importer(815301076,1909f56bfc062723c751e8b465ee728b)
Start importing Assets/Prefabs/Player.prefab using Guid(d447ba22adc4e0640a6853a3c70bcdb5) Importer(815301076,1909f56bfc062723c751e8b465ee728b)  -> (artifact id: 'ca2a0901d8ea3079e0f5c82d5fa302a5') in 0.006396 seconds
  Import took 0.009694 seconds .

========================================================================
Received Import Request.
  Time since last request: 134.980954 seconds.
  path: Assets/Scripts/PhotonPlayer.cs
  artifactKey: Guid(5734c6d99f1ff78409be00199356d22f) Importer(815301076,1909f56bfc062723c751e8b465ee728b)
Start importing Assets/Scripts/PhotonPlayer.cs using Guid(5734c6d99f1ff78409be00199356d22f) Importer(815301076,1909f56bfc062723c751e8b465ee728b)  -> (artifact id: '52e901b7fd5ee91480963cbd29d914bd') in 0.001484 seconds
  Import took 0.004544 seconds .

========================================================================
Received Import Request.
  Time since last request: 0.000813 seconds.
  path: Assets/Scripts/PhotonPlayer.cs
  artifactKey: Guid(5734c6d99f1ff78409be00199356d22f) Importer(815301076,1909f56bfc062723c751e8b465ee728b)
Start importing Assets/Scripts/PhotonPlayer.cs using Guid(5734c6d99f1ff78409be00199356d22f) Importer(815301076,1909f56bfc062723c751e8b465ee728b)  -> (artifact id: '52e901b7fd5ee91480963cbd29d914bd') in 0.001437 seconds
  Import took 0.003929 seconds .

========================================================================
Received Prepare
Registering precompiled user dll's ...
Registered in 0.001915 seconds.
Begin MonoManager ReloadAssembly
Native extension for WindowsStandalone target not found
Native extension for WebGL target not found
Refreshing native plugins compatible for Editor in 0.44 ms, found 1 plugins.
Preloading 0 native plugins for Editor in 0.00 ms.
Invoked RoslynAnalysisRunner static constructor.
RoslynAnalysisRunner will not be running.
RoslynAnalysisRunner has terminated.
Mono: successfully reloaded assembly
- Completed reload, in  0.637 seconds
Platform modules already initialized, skipping
Refreshing native plugins compatible for Editor in 0.43 ms, found 1 plugins.
Preloading 0 native plugins for Editor in 0.00 ms.
Unloading 2024 Unused Serialized files (Serialized files now loaded: 0)
System memory in use before: 97.3 MB.
System memory in use after: 97.4 MB.

Unloading 12 unused Assets to reduce memory usage. Loaded Objects now: 2551.
Total: 2.172200 ms (FindLiveObjects: 0.223500 ms CreateObjectMapping: 0.085000 ms MarkObjects: 1.844800 ms  DeleteObjects: 0.017900 ms)

========================================================================
Received Import Request.
  Time since last request: 186.799398 seconds.
  path: Assets/Scenes/Menu.unity
  artifactKey: Guid(2cda990e2423bbf4892e6590ba056729) Importer(815301076,1909f56bfc062723c751e8b465ee728b)
Start importing Assets/Scenes/Menu.unity using Guid(2cda990e2423bbf4892e6590ba056729) Importer(815301076,1909f56bfc062723c751e8b465ee728b)  -> (artifact id: 'a06134e0046291055bff6b2d8aa80d9a') in 0.009595 seconds
  Import took 0.012764 seconds .

========================================================================
Received Prepare
Registering precompiled user dll's ...
Registered in 0.001889 seconds.
Begin MonoManager ReloadAssembly
Native extension for WindowsStandalone target not found
Native extension for WebGL target not found
Refreshing native plugins compatible for Editor in 0.45 ms, found 1 plugins.
Preloading 0 native plugins for Editor in 0.00 ms.
Invoked RoslynAnalysisRunner static constructor.
RoslynAnalysisRunner will not be running.
RoslynAnalysisRunner has terminated.
Mono: successfully reloaded assembly
- Completed reload, in  0.603 seconds
Platform modules already initialized, skipping
Refreshing native plugins compatible for Editor in 0.45 ms, found 1 plugins.
Preloading 0 native plugins for Editor in 0.00 ms.
Unloading 2024 Unused Serialized files (Serialized files now loaded: 0)
System memory in use before: 97.3 MB.
System memory in use after: 97.4 MB.

Unloading 12 unused Assets to reduce memory usage. Loaded Objects now: 2556.
Total: 2.033700 ms (FindLiveObjects: 0.250500 ms CreateObjectMapping: 0.073000 ms MarkObjects: 1.693600 ms  DeleteObjects: 0.015700 ms)

========================================================================
Received Import Request.
  Time since last request: 114.691738 seconds.
  path: Assets/Res
  artifactKey: Guid(466ca7dc1f01b164c8d932d08cd5cd1c) Importer(815301076,1909f56bfc062723c751e8b465ee728b)
Start importing Assets/Res using Guid(466ca7dc1f01b164c8d932d08cd5cd1c) Importer(815301076,1909f56bfc062723c751e8b465ee728b)  -> (artifact id: '4236d02dcceec406aafca18df7b9efb4') in 0.004470 seconds
  Import took 0.007456 seconds .

========================================================================
Received Import Request.
  Time since last request: 6.941073 seconds.
  path: Assets/Photon/PhotonUnityNetworking/Resources/PhotonServerSettings.asset
  artifactKey: Guid(ae42dbadc30ad7e4fa8e6fcc8fef9f5b) Importer(815301076,1909f56bfc062723c751e8b465ee728b)
Start importing Assets/Photon/PhotonUnityNetworking/Resources/PhotonServerSettings.asset using Guid(ae42dbadc30ad7e4fa8e6fcc8fef9f5b) Importer(815301076,1909f56bfc062723c751e8b465ee728b)  -> (artifact id: '961e6590ac95159037ede5720829dc9a') in 0.009783 seconds
  Import took 0.012647 seconds .

========================================================================
Received Import Request.
  Time since last request: 15.978965 seconds.
  path: Assets/Resources
  artifactKey: Guid(466ca7dc1f01b164c8d932d08cd5cd1c) Importer(815301076,1909f56bfc062723c751e8b465ee728b)
Start importing Assets/Resources using Guid(466ca7dc1f01b164c8d932d08cd5cd1c) Importer(815301076,1909f56bfc062723c751e8b465ee728b)  -> (artifact id: 'a59439bb5c0a4dd4dfb43bd729ca703e') in 0.001670 seconds
  Import took 0.004603 seconds .

========================================================================
Received Import Request.
  Time since last request: 19.298075 seconds.
  path: Assets/Resources/Photon
  artifactKey: Guid(ebb20714c5d734441b68411a99959ec8) Importer(815301076,1909f56bfc062723c751e8b465ee728b)
Start importing Assets/Resources/Photon using Guid(ebb20714c5d734441b68411a99959ec8) Importer(815301076,1909f56bfc062723c751e8b465ee728b)  -> (artifact id: '6dd6a51cfa4c8c300669af4591cd41fe') in 0.001661 seconds
  Import took 0.004542 seconds .

========================================================================
Received Import Request.
  Time since last request: 22.723515 seconds.
  path: Assets/Resources/PhotonNetworkPrefabs
  artifactKey: Guid(ebb20714c5d734441b68411a99959ec8) Importer(815301076,1909f56bfc062723c751e8b465ee728b)
Start importing Assets/Resources/PhotonNetworkPrefabs using Guid(ebb20714c5d734441b68411a99959ec8) Importer(815301076,1909f56bfc062723c751e8b465ee728b)  -> (artifact id: '7c1259bdc61b8a920975a19f497404a4') in 0.001603 seconds
  Import took 0.004527 seconds .

========================================================================
Received Prepare
Registering precompiled user dll's ...
Registered in 0.001901 seconds.
Begin MonoManager ReloadAssembly
Native extension for WindowsStandalone target not found
Native extension for WebGL target not found
Refreshing native plugins compatible for Editor in 0.45 ms, found 1 plugins.
Preloading 0 native plugins for Editor in 0.00 ms.
Invoked RoslynAnalysisRunner static constructor.
RoslynAnalysisRunner will not be running.
RoslynAnalysisRunner has terminated.
Mono: successfully reloaded assembly
- Completed reload, in  0.638 seconds
Platform modules already initialized, skipping
Refreshing native plugins compatible for Editor in 0.43 ms, found 1 plugins.
Preloading 0 native plugins for Editor in 0.00 ms.
Unloading 2024 Unused Serialized files (Serialized files now loaded: 0)
System memory in use before: 97.3 MB.
System memory in use after: 97.4 MB.

Unloading 12 unused Assets to reduce memory usage. Loaded Objects now: 2561.
Total: 2.008000 ms (FindLiveObjects: 0.221800 ms CreateObjectMapping: 0.054500 ms MarkObjects: 1.641600 ms  DeleteObjects: 0.087300 ms)

========================================================================
Received Prepare
Registering precompiled user dll's ...
Registered in 0.001742 seconds.
Begin MonoManager ReloadAssembly
Native extension for WindowsStandalone target not found
Native extension for WebGL target not found
Refreshing native plugins compatible for Editor in 0.45 ms, found 1 plugins.
Preloading 0 native plugins for Editor in 0.00 ms.
Invoked RoslynAnalysisRunner static constructor.
RoslynAnalysisRunner will not be running.
RoslynAnalysisRunner has terminated.
Mono: successfully reloaded assembly
- Completed reload, in  0.642 seconds
Platform modules already initialized, skipping
Refreshing native plugins compatible for Editor in 0.44 ms, found 1 plugins.
Preloading 0 native plugins for Editor in 0.00 ms.
Unloading 2024 Unused Serialized files (Serialized files now loaded: 0)
System memory in use before: 97.3 MB.
System memory in use after: 97.4 MB.

Unloading 12 unused Assets to reduce memory usage. Loaded Objects now: 2566.
Total: 1.894500 ms (FindLiveObjects: 0.250500 ms CreateObjectMapping: 0.057800 ms MarkObjects: 1.569200 ms  DeleteObjects: 0.015800 ms)

========================================================================
Received Prepare
Registering precompiled user dll's ...
Registered in 0.001684 seconds.
Begin MonoManager ReloadAssembly
Native extension for WindowsStandalone target not found
Native extension for WebGL target not found
Refreshing native plugins compatible for Editor in 0.46 ms, found 1 plugins.
Preloading 0 native plugins for Editor in 0.00 ms.
Invoked RoslynAnalysisRunner static constructor.
RoslynAnalysisRunner will not be running.
RoslynAnalysisRunner has terminated.
Mono: successfully reloaded assembly
- Completed reload, in  0.645 seconds
Platform modules already initialized, skipping
Refreshing native plugins compatible for Editor in 0.45 ms, found 1 plugins.
Preloading 0 native plugins for Editor in 0.00 ms.
Unloading 2024 Unused Serialized files (Serialized files now loaded: 0)
System memory in use before: 97.3 MB.
System memory in use after: 97.4 MB.

Unloading 12 unused Assets to reduce memory usage. Loaded Objects now: 2571.
Total: 1.862900 ms (FindLiveObjects: 0.202000 ms CreateObjectMapping: 0.054700 ms MarkObjects: 1.591000 ms  DeleteObjects: 0.014400 ms)

========================================================================
Received Prepare
Registering precompiled user dll's ...
Registered in 0.001767 seconds.
Begin MonoManager ReloadAssembly
Native extension for WindowsStandalone target not found
Native extension for WebGL target not found
Refreshing native plugins compatible for Editor in 0.45 ms, found 1 plugins.
Preloading 0 native plugins for Editor in 0.00 ms.
Invoked RoslynAnalysisRunner static constructor.
RoslynAnalysisRunner will not be running.
RoslynAnalysisRunner has terminated.
Mono: successfully reloaded assembly
- Completed reload, in  0.635 seconds
Platform modules already initialized, skipping
Refreshing native plugins compatible for Editor in 0.43 ms, found 1 plugins.
Preloading 0 native plugins for Editor in 0.00 ms.
Unloading 2024 Unused Serialized files (Serialized files now loaded: 0)
System memory in use before: 97.3 MB.
System memory in use after: 97.4 MB.

Unloading 12 unused Assets to reduce memory usage. Loaded Objects now: 2576.
Total: 2.358900 ms (FindLiveObjects: 0.316900 ms CreateObjectMapping: 0.110500 ms MarkObjects: 1.913000 ms  DeleteObjects: 0.017300 ms)

========================================================================
Received Import Request.
  Time since last request: 130.750578 seconds.
  path: Assets/Resources/PhotonNetworkPrefabs/Player.prefab
  artifactKey: Guid(d447ba22adc4e0640a6853a3c70bcdb5) Importer(815301076,1909f56bfc062723c751e8b465ee728b)
Start importing Assets/Resources/PhotonNetworkPrefabs/Player.prefab using Guid(d447ba22adc4e0640a6853a3c70bcdb5) Importer(815301076,1909f56bfc062723c751e8b465ee728b)  -> (artifact id: '8ab4f8e1a102b1295408b340b8631759') in 0.040709 seconds
  Import took 0.043700 seconds .

========================================================================
Received Import Request.
  Time since last request: 2.437260 seconds.
  path: Assets/Resources/PhotonNetworkPrefabs/Player.prefab
  artifactKey: Guid(d447ba22adc4e0640a6853a3c70bcdb5) Importer(815301076,1909f56bfc062723c751e8b465ee728b)
Start importing Assets/Resources/PhotonNetworkPrefabs/Player.prefab using Guid(d447ba22adc4e0640a6853a3c70bcdb5) Importer(815301076,1909f56bfc062723c751e8b465ee728b)  -> (artifact id: '9007510e65ccd51f305074768029babd') in 0.008222 seconds
  Import took 0.011276 seconds .

========================================================================
Received Import Request.
  Time since last request: 4.886079 seconds.
  path: Assets/Resources/PhotonNetworkPrefabs/Player.prefab
  artifactKey: Guid(d447ba22adc4e0640a6853a3c70bcdb5) Importer(815301076,1909f56bfc062723c751e8b465ee728b)
Start importing Assets/Resources/PhotonNetworkPrefabs/Player.prefab using Guid(d447ba22adc4e0640a6853a3c70bcdb5) Importer(815301076,1909f56bfc062723c751e8b465ee728b)  -> (artifact id: '1e4cbd2890a89331f5e5c409ad8869d1') in 0.010886 seconds
  Import took 0.013862 seconds .

========================================================================
Received Prepare
Registering precompiled user dll's ...
Registered in 0.001773 seconds.
Begin MonoManager ReloadAssembly
Native extension for WindowsStandalone target not found
Native extension for WebGL target not found
Refreshing native plugins compatible for Editor in 0.59 ms, found 1 plugins.
Preloading 0 native plugins for Editor in 0.00 ms.
Invoked RoslynAnalysisRunner static constructor.
RoslynAnalysisRunner will not be running.
RoslynAnalysisRunner has terminated.
Mono: successfully reloaded assembly
- Completed reload, in  0.640 seconds
Platform modules already initialized, skipping
Refreshing native plugins compatible for Editor in 0.48 ms, found 1 plugins.
Preloading 0 native plugins for Editor in 0.00 ms.
Unloading 2024 Unused Serialized files (Serialized files now loaded: 0)
System memory in use before: 97.3 MB.
System memory in use after: 97.5 MB.

Unloading 12 unused Assets to reduce memory usage. Loaded Objects now: 2582.
Total: 2.253000 ms (FindLiveObjects: 0.270200 ms CreateObjectMapping: 0.113000 ms MarkObjects: 1.850000 ms  DeleteObjects: 0.018600 ms)

========================================================================
Received Prepare
Registering precompiled user dll's ...
Registered in 0.002114 seconds.
Begin MonoManager ReloadAssembly
Native extension for WindowsStandalone target not found
Native extension for WebGL target not found
Refreshing native plugins compatible for Editor in 0.45 ms, found 1 plugins.
Preloading 0 native plugins for Editor in 0.00 ms.
Invoked RoslynAnalysisRunner static constructor.
RoslynAnalysisRunner will not be running.
RoslynAnalysisRunner has terminated.
Mono: successfully reloaded assembly
- Completed reload, in  0.629 seconds
Platform modules already initialized, skipping
Refreshing native plugins compatible for Editor in 0.45 ms, found 1 plugins.
Preloading 0 native plugins for Editor in 0.00 ms.
Unloading 2024 Unused Serialized files (Serialized files now loaded: 0)
System memory in use before: 97.3 MB.
System memory in use after: 97.5 MB.

Unloading 12 unused Assets to reduce memory usage. Loaded Objects now: 2587.
Total: 2.685200 ms (FindLiveObjects: 0.277600 ms CreateObjectMapping: 0.067600 ms MarkObjects: 2.314400 ms  DeleteObjects: 0.024200 ms)

========================================================================
Received Import Request.
  Time since last request: 308.643409 seconds.
  path: Assets/Resources/PhotonNetworkPrefabs/Player.prefab
  artifactKey: Guid(d447ba22adc4e0640a6853a3c70bcdb5) Importer(815301076,1909f56bfc062723c751e8b465ee728b)
Start importing Assets/Resources/PhotonNetworkPrefabs/Player.prefab using Guid(d447ba22adc4e0640a6853a3c70bcdb5) Importer(815301076,1909f56bfc062723c751e8b465ee728b)  -> (artifact id: 'fddbfb3930fea8f6f91c3facf67e768f') in 0.044351 seconds
  Import took 0.047554 seconds .

========================================================================
Received Import Request.
  Time since last request: 47.697934 seconds.
  path: Assets/Resources/PhotonNetworkPrefabs/Player.prefab
  artifactKey: Guid(d447ba22adc4e0640a6853a3c70bcdb5) Importer(815301076,1909f56bfc062723c751e8b465ee728b)
Start importing Assets/Resources/PhotonNetworkPrefabs/Player.prefab using Guid(d447ba22adc4e0640a6853a3c70bcdb5) Importer(815301076,1909f56bfc062723c751e8b465ee728b)  -> (artifact id: 'eede44011616abc19d65d4495dd91757') in 0.009338 seconds
  Import took 0.012280 seconds .

========================================================================
Received Import Request.
  Time since last request: 42.454405 seconds.
  path: Assets/Scripts/PlayerMovement.cs
  artifactKey: Guid(553151e03314d9a468e5ddb52455d3d0) Importer(815301076,1909f56bfc062723c751e8b465ee728b)
Start importing Assets/Scripts/PlayerMovement.cs using Guid(553151e03314d9a468e5ddb52455d3d0) Importer(815301076,1909f56bfc062723c751e8b465ee728b)  -> (artifact id: '43c20b56e07eb2054e610635b27a765a') in 0.001568 seconds
  Import took 0.004448 seconds .

========================================================================
Received Prepare
Registering precompiled user dll's ...
Registered in 0.001849 seconds.
Begin MonoManager ReloadAssembly
Native extension for WindowsStandalone target not found
Native extension for WebGL target not found
Refreshing native plugins compatible for Editor in 0.48 ms, found 1 plugins.
Preloading 0 native plugins for Editor in 0.00 ms.
Invoked RoslynAnalysisRunner static constructor.
RoslynAnalysisRunner will not be running.
RoslynAnalysisRunner has terminated.
Mono: successfully reloaded assembly
- Completed reload, in  0.643 seconds
Platform modules already initialized, skipping
Refreshing native plugins compatible for Editor in 0.46 ms, found 1 plugins.
Preloading 0 native plugins for Editor in 0.00 ms.
Unloading 2025 Unused Serialized files (Serialized files now loaded: 0)
System memory in use before: 97.4 MB.
System memory in use after: 97.5 MB.

Unloading 12 unused Assets to reduce memory usage. Loaded Objects now: 2594.
Total: 2.093700 ms (FindLiveObjects: 0.260800 ms CreateObjectMapping: 0.073400 ms MarkObjects: 1.744400 ms  DeleteObjects: 0.014400 ms)

========================================================================
Received Prepare
Registering precompiled user dll's ...
Registered in 0.001935 seconds.
Begin MonoManager ReloadAssembly
Native extension for WindowsStandalone target not found
Native extension for WebGL target not found
Refreshing native plugins compatible for Editor in 0.47 ms, found 1 plugins.
Preloading 0 native plugins for Editor in 0.00 ms.
Invoked RoslynAnalysisRunner static constructor.
RoslynAnalysisRunner will not be running.
RoslynAnalysisRunner has terminated.
Mono: successfully reloaded assembly
- Completed reload, in  0.629 seconds
Platform modules already initialized, skipping
Refreshing native plugins compatible for Editor in 0.44 ms, found 1 plugins.
Preloading 0 native plugins for Editor in 0.00 ms.
Unloading 2025 Unused Serialized files (Serialized files now loaded: 0)
System memory in use before: 97.4 MB.
System memory in use after: 97.5 MB.

Unloading 12 unused Assets to reduce memory usage. Loaded Objects now: 2599.
Total: 2.011700 ms (FindLiveObjects: 0.259200 ms CreateObjectMapping: 0.063300 ms MarkObjects: 1.671700 ms  DeleteObjects: 0.016600 ms)

========================================================================
Received Import Request.
  Time since last request: 224.632889 seconds.
  path: Assets/Scripts/PlayerMovement.cs
  artifactKey: Guid(553151e03314d9a468e5ddb52455d3d0) Importer(815301076,1909f56bfc062723c751e8b465ee728b)
Start importing Assets/Scripts/PlayerMovement.cs using Guid(553151e03314d9a468e5ddb52455d3d0) Importer(815301076,1909f56bfc062723c751e8b465ee728b)  -> (artifact id: '9dd0fb876487b3a7f1e0bab1bb01be0c') in 0.004502 seconds
  Import took 0.007819 seconds .

========================================================================
Received Prepare
Registering precompiled user dll's ...
Registered in 0.001923 seconds.
Begin MonoManager ReloadAssembly
Native extension for WindowsStandalone target not found
Native extension for WebGL target not found
Refreshing native plugins compatible for Editor in 0.44 ms, found 1 plugins.
Preloading 0 native plugins for Editor in 0.00 ms.
Invoked RoslynAnalysisRunner static constructor.
RoslynAnalysisRunner will not be running.
RoslynAnalysisRunner has terminated.
Mono: successfully reloaded assembly
- Completed reload, in  0.620 seconds
Platform modules already initialized, skipping
Refreshing native plugins compatible for Editor in 0.44 ms, found 1 plugins.
Preloading 0 native plugins for Editor in 0.00 ms.
Unloading 2025 Unused Serialized files (Serialized files now loaded: 0)
System memory in use before: 97.4 MB.
System memory in use after: 97.5 MB.

Unloading 12 unused Assets to reduce memory usage. Loaded Objects now: 2604.
Total: 2.317300 ms (FindLiveObjects: 0.246400 ms CreateObjectMapping: 0.101800 ms MarkObjects: 1.951900 ms  DeleteObjects: 0.015500 ms)

========================================================================
Received Import Request.
  Time since last request: 720.412535 seconds.
  path: Assets/Scenes/Level1.unity
  artifactKey: Guid(e20f0a01b1c6daa48988efb4f72569eb) Importer(815301076,1909f56bfc062723c751e8b465ee728b)
Start importing Assets/Scenes/Level1.unity using Guid(e20f0a01b1c6daa48988efb4f72569eb) Importer(815301076,1909f56bfc062723c751e8b465ee728b)  -> (artifact id: '37d6ff0594cf858105d1b6be53972c27') in 0.010039 seconds
  Import took 0.013310 seconds .

========================================================================
Received Import Request.
  Time since last request: 67.163663 seconds.
  path: Assets/Resources/PhotonNetworkPrefabs/Player.prefab
  artifactKey: Guid(d447ba22adc4e0640a6853a3c70bcdb5) Importer(815301076,1909f56bfc062723c751e8b465ee728b)
Start importing Assets/Resources/PhotonNetworkPrefabs/Player.prefab using Guid(d447ba22adc4e0640a6853a3c70bcdb5) Importer(815301076,1909f56bfc062723c751e8b465ee728b)  -> (artifact id: 'a39b3f4b21b28c1110711ef0b9ccfded') in 0.048258 seconds
  Import took 0.051315 seconds .

========================================================================
Received Import Request.
  Time since last request: 92.277974 seconds.
  path: Assets/Resources/PhotonNetworkPrefabs/Player.prefab
  artifactKey: Guid(d447ba22adc4e0640a6853a3c70bcdb5) Importer(815301076,1909f56bfc062723c751e8b465ee728b)
Start importing Assets/Resources/PhotonNetworkPrefabs/Player.prefab using Guid(d447ba22adc4e0640a6853a3c70bcdb5) Importer(815301076,1909f56bfc062723c751e8b465ee728b)  -> (artifact id: '8380bcc0c44396ac00888b6fb2197b96') in 0.008506 seconds
  Import took 0.011483 seconds .

========================================================================
Received Import Request.
  Time since last request: 0.000951 seconds.
  path: Assets/Resources/PhotonNetworkPrefabs/Player.prefab
  artifactKey: Guid(d447ba22adc4e0640a6853a3c70bcdb5) Importer(815301076,1909f56bfc062723c751e8b465ee728b)
Start importing Assets/Resources/PhotonNetworkPrefabs/Player.prefab using Guid(d447ba22adc4e0640a6853a3c70bcdb5) Importer(815301076,1909f56bfc062723c751e8b465ee728b)  -> (artifact id: '8380bcc0c44396ac00888b6fb2197b96') in 0.007044 seconds
  Import took 0.010094 seconds .

========================================================================
Received Import Request.
  Time since last request: 9.283704 seconds.
  path: Assets/Resources/PhotonNetworkPrefabs/Player.prefab
  artifactKey: Guid(d447ba22adc4e0640a6853a3c70bcdb5) Importer(815301076,1909f56bfc062723c751e8b465ee728b)
Start importing Assets/Resources/PhotonNetworkPrefabs/Player.prefab using Guid(d447ba22adc4e0640a6853a3c70bcdb5) Importer(815301076,1909f56bfc062723c751e8b465ee728b)  -> (artifact id: 'b316207c8059e1b2e2212e68fde84248') in 0.012437 seconds
  Import took 0.015527 seconds .

========================================================================
Received Prepare
Registering precompiled user dll's ...
Registered in 0.001946 seconds.
Begin MonoManager ReloadAssembly
Native extension for WindowsStandalone target not found
Native extension for WebGL target not found
Refreshing native plugins compatible for Editor in 0.48 ms, found 1 plugins.
Preloading 0 native plugins for Editor in 0.00 ms.
Invoked RoslynAnalysisRunner static constructor.
RoslynAnalysisRunner will not be running.
RoslynAnalysisRunner has terminated.
Mono: successfully reloaded assembly
- Completed reload, in  0.639 seconds
Platform modules already initialized, skipping
Refreshing native plugins compatible for Editor in 0.45 ms, found 1 plugins.
Preloading 0 native plugins for Editor in 0.00 ms.
Unloading 2025 Unused Serialized files (Serialized files now loaded: 0)
System memory in use before: 97.4 MB.
System memory in use after: 97.5 MB.

Unloading 12 unused Assets to reduce memory usage. Loaded Objects now: 2610.
Total: 1.965900 ms (FindLiveObjects: 0.180400 ms CreateObjectMapping: 0.047300 ms MarkObjects: 1.722700 ms  DeleteObjects: 0.014900 ms)

========================================================================
Received Import Request.
  Time since last request: 108.900104 seconds.
  path: Assets/Resources/PhotonNetworkPrefabs/Player.prefab
  artifactKey: Guid(d447ba22adc4e0640a6853a3c70bcdb5) Importer(815301076,1909f56bfc062723c751e8b465ee728b)
Start importing Assets/Resources/PhotonNetworkPrefabs/Player.prefab using Guid(d447ba22adc4e0640a6853a3c70bcdb5) Importer(815301076,1909f56bfc062723c751e8b465ee728b)  -> (artifact id: 'a35a1d978818fc81877f19d28e6c5b82') in 0.042745 seconds
  Import took 0.045765 seconds .

========================================================================
Received Prepare
Registering precompiled user dll's ...
Registered in 0.001898 seconds.
Begin MonoManager ReloadAssembly
Native extension for WindowsStandalone target not found
Native extension for WebGL target not found
Refreshing native plugins compatible for Editor in 0.50 ms, found 1 plugins.
Preloading 0 native plugins for Editor in 0.00 ms.
Invoked RoslynAnalysisRunner static constructor.
RoslynAnalysisRunner will not be running.
RoslynAnalysisRunner has terminated.
Mono: successfully reloaded assembly
- Completed reload, in  0.712 seconds
Platform modules already initialized, skipping
Refreshing native plugins compatible for Editor in 0.48 ms, found 1 plugins.
Preloading 0 native plugins for Editor in 0.00 ms.
Unloading 2025 Unused Serialized files (Serialized files now loaded: 0)
System memory in use before: 97.4 MB.
System memory in use after: 97.6 MB.

Unloading 12 unused Assets to reduce memory usage. Loaded Objects now: 2616.
Total: 2.086000 ms (FindLiveObjects: 0.239600 ms CreateObjectMapping: 0.055300 ms MarkObjects: 1.773800 ms  DeleteObjects: 0.016200 ms)

========================================================================
Received Import Request.
  Time since last request: 566.267475 seconds.
  path: Assets/Resources/PhotonNetworkPrefabs/PlayerWhite.prefab
  artifactKey: Guid(1b439f3274de6624aa4471f668183917) Importer(815301076,1909f56bfc062723c751e8b465ee728b)
Start importing Assets/Resources/PhotonNetworkPrefabs/PlayerWhite.prefab using Guid(1b439f3274de6624aa4471f668183917) Importer(815301076,1909f56bfc062723c751e8b465ee728b)  -> (artifact id: '4c558c01e22cca3c6b77df54a42d0f09') in 0.047200 seconds
  Import took 0.050527 seconds .

========================================================================
Received Import Request.
  Time since last request: 2.310661 seconds.
  path: Assets/Resources/PhotonNetworkPrefabs/PlayerBlue.prefab
  artifactKey: Guid(e0c5896dbfa90504b8296293cfec8f89) Importer(815301076,1909f56bfc062723c751e8b465ee728b)
Start importing Assets/Resources/PhotonNetworkPrefabs/PlayerBlue.prefab using Guid(e0c5896dbfa90504b8296293cfec8f89) Importer(815301076,1909f56bfc062723c751e8b465ee728b)  -> (artifact id: '8ccadae8af470e540e6986de50b16557') in 0.015047 seconds
  Import took 0.018028 seconds .

========================================================================
Received Import Request.
  Time since last request: 2.058113 seconds.
  path: Assets/Resources/PhotonNetworkPrefabs/PlayerRed.prefab
  artifactKey: Guid(cefb2666bf0b82448b87e05a2d1589e6) Importer(815301076,1909f56bfc062723c751e8b465ee728b)
Start importing Assets/Resources/PhotonNetworkPrefabs/PlayerRed.prefab using Guid(cefb2666bf0b82448b87e05a2d1589e6) Importer(815301076,1909f56bfc062723c751e8b465ee728b)  -> (artifact id: '40bb745cebf054c2ac98cab223852c68') in 0.006608 seconds
  Import took 0.009594 seconds .

========================================================================
Received Import Request.
  Time since last request: 0.003312 seconds.
  path: Assets/Resources/PhotonNetworkPrefabs/PlayerRed.prefab
  artifactKey: Guid(cefb2666bf0b82448b87e05a2d1589e6) Importer(815301076,1909f56bfc062723c751e8b465ee728b)
Start importing Assets/Resources/PhotonNetworkPrefabs/PlayerRed.prefab using Guid(cefb2666bf0b82448b87e05a2d1589e6) Importer(815301076,1909f56bfc062723c751e8b465ee728b)  -> (artifact id: '40bb745cebf054c2ac98cab223852c68') in 0.006340 seconds
  Import took 0.009358 seconds .

========================================================================
Received Import Request.
  Time since last request: 1.954881 seconds.
  path: Assets/Resources/PhotonNetworkPrefabs/PlayerYellow.prefab
  artifactKey: Guid(4cb71767e543aeb439dc3ce2cc1cece3) Importer(815301076,1909f56bfc062723c751e8b465ee728b)
Start importing Assets/Resources/PhotonNetworkPrefabs/PlayerYellow.prefab using Guid(4cb71767e543aeb439dc3ce2cc1cece3) Importer(815301076,1909f56bfc062723c751e8b465ee728b)  -> (artifact id: 'c1f748d5b084c722b167f19ee60f17dc') in 0.007234 seconds
  Import took 0.010481 seconds .

========================================================================
Received Import Request.
  Time since last request: 0.002109 seconds.
  path: Assets/Resources/PhotonNetworkPrefabs/PlayerYellow.prefab
  artifactKey: Guid(4cb71767e543aeb439dc3ce2cc1cece3) Importer(815301076,1909f56bfc062723c751e8b465ee728b)
Start importing Assets/Resources/PhotonNetworkPrefabs/PlayerYellow.prefab using Guid(4cb71767e543aeb439dc3ce2cc1cece3) Importer(815301076,1909f56bfc062723c751e8b465ee728b)  -> (artifact id: 'c1f748d5b084c722b167f19ee60f17dc') in 0.007277 seconds
  Import took 0.010273 seconds .

========================================================================
Received Import Request.
  Time since last request: 231.567118 seconds.
  path: Assets/Scripts/AvatarSetup.cs
  artifactKey: Guid(08b280066098a05429155ca04d8c7502) Importer(815301076,1909f56bfc062723c751e8b465ee728b)
Start importing Assets/Scripts/AvatarSetup.cs using Guid(08b280066098a05429155ca04d8c7502) Importer(815301076,1909f56bfc062723c751e8b465ee728b)  -> (artifact id: '85b67b4d95e69e3a270a83673d0f49e7') in 0.001647 seconds
  Import took 0.004690 seconds .

========================================================================
Received Prepare
Registering precompiled user dll's ...
Registered in 0.001755 seconds.
Begin MonoManager ReloadAssembly
Native extension for WindowsStandalone target not found
Native extension for WebGL target not found
Refreshing native plugins compatible for Editor in 0.46 ms, found 1 plugins.
Preloading 0 native plugins for Editor in 0.00 ms.
Invoked RoslynAnalysisRunner static constructor.
RoslynAnalysisRunner will not be running.
RoslynAnalysisRunner has terminated.
Mono: successfully reloaded assembly
- Completed reload, in  0.684 seconds
Platform modules already initialized, skipping
Refreshing native plugins compatible for Editor in 0.46 ms, found 1 plugins.
Preloading 0 native plugins for Editor in 0.00 ms.
Unloading 2026 Unused Serialized files (Serialized files now loaded: 0)
System memory in use before: 97.5 MB.
System memory in use after: 97.6 MB.

Unloading 12 unused Assets to reduce memory usage. Loaded Objects now: 2623.
Total: 2.039600 ms (FindLiveObjects: 0.227200 ms CreateObjectMapping: 0.054900 ms MarkObjects: 1.737600 ms  DeleteObjects: 0.018700 ms)

========================================================================
Received Prepare
Registering precompiled user dll's ...
Registered in 0.001942 seconds.
Begin MonoManager ReloadAssembly
Native extension for WindowsStandalone target not found
Native extension for WebGL target not found
Refreshing native plugins compatible for Editor in 0.45 ms, found 1 plugins.
Preloading 0 native plugins for Editor in 0.00 ms.
Invoked RoslynAnalysisRunner static constructor.
RoslynAnalysisRunner will not be running.
RoslynAnalysisRunner has terminated.
Mono: successfully reloaded assembly
- Completed reload, in  0.613 seconds
Platform modules already initialized, skipping
Refreshing native plugins compatible for Editor in 0.46 ms, found 1 plugins.
Preloading 0 native plugins for Editor in 0.00 ms.
Unloading 2026 Unused Serialized files (Serialized files now loaded: 0)
System memory in use before: 97.5 MB.
System memory in use after: 97.6 MB.

Unloading 12 unused Assets to reduce memory usage. Loaded Objects now: 2628.
Total: 1.836900 ms (FindLiveObjects: 0.217700 ms CreateObjectMapping: 0.054100 ms MarkObjects: 1.548600 ms  DeleteObjects: 0.015500 ms)

========================================================================
Received Import Request.
  Time since last request: 525.132306 seconds.
  path: Assets/Scripts/AvatarSetup.cs
  artifactKey: Guid(08b280066098a05429155ca04d8c7502) Importer(815301076,1909f56bfc062723c751e8b465ee728b)
Start importing Assets/Scripts/AvatarSetup.cs using Guid(08b280066098a05429155ca04d8c7502) Importer(815301076,1909f56bfc062723c751e8b465ee728b)  -> (artifact id: 'da3e4014e250a8ce0415ae513b2027ca') in 0.004104 seconds
  Import took 0.007008 seconds .

========================================================================
Received Import Request.
  Time since last request: 48.475323 seconds.
  path: Assets/Resources/PhotonNetworkPrefabs/Player.prefab
  artifactKey: Guid(d447ba22adc4e0640a6853a3c70bcdb5) Importer(815301076,1909f56bfc062723c751e8b465ee728b)
Start importing Assets/Resources/PhotonNetworkPrefabs/Player.prefab using Guid(d447ba22adc4e0640a6853a3c70bcdb5) Importer(815301076,1909f56bfc062723c751e8b465ee728b)  -> (artifact id: 'c94782e17d7967a7c2ecfdebfb27bb03') in 0.043887 seconds
  Import took 0.046945 seconds .

========================================================================
Received Import Request.
  Time since last request: 19.470384 seconds.
  path: Assets/Resources/PhotonNetworkPrefabs/Player.prefab
  artifactKey: Guid(d447ba22adc4e0640a6853a3c70bcdb5) Importer(815301076,1909f56bfc062723c751e8b465ee728b)
Start importing Assets/Resources/PhotonNetworkPrefabs/Player.prefab using Guid(d447ba22adc4e0640a6853a3c70bcdb5) Importer(815301076,1909f56bfc062723c751e8b465ee728b)  -> (artifact id: '9bbf66b81e0f9840b5e23ee96b0c522f') in 0.008667 seconds
  Import took 0.011687 seconds .

========================================================================
Received Import Request.
  Time since last request: 0.002461 seconds.
  path: Assets/Resources/PhotonNetworkPrefabs/Player.prefab
  artifactKey: Guid(d447ba22adc4e0640a6853a3c70bcdb5) Importer(815301076,1909f56bfc062723c751e8b465ee728b)
Start importing Assets/Resources/PhotonNetworkPrefabs/Player.prefab using Guid(d447ba22adc4e0640a6853a3c70bcdb5) Importer(815301076,1909f56bfc062723c751e8b465ee728b)  -> (artifact id: '9bbf66b81e0f9840b5e23ee96b0c522f') in 0.014162 seconds
  Import took 0.017085 seconds .

========================================================================
Received Prepare
Registering precompiled user dll's ...
Registered in 0.002071 seconds.
Begin MonoManager ReloadAssembly
Native extension for WindowsStandalone target not found
Native extension for WebGL target not found
Refreshing native plugins compatible for Editor in 0.45 ms, found 1 plugins.
Preloading 0 native plugins for Editor in 0.00 ms.
Invoked RoslynAnalysisRunner static constructor.
RoslynAnalysisRunner will not be running.
RoslynAnalysisRunner has terminated.
Mono: successfully reloaded assembly
- Completed reload, in  0.704 seconds
Platform modules already initialized, skipping
Refreshing native plugins compatible for Editor in 0.50 ms, found 1 plugins.
Preloading 0 native plugins for Editor in 0.00 ms.
Unloading 2026 Unused Serialized files (Serialized files now loaded: 0)
System memory in use before: 97.5 MB.
System memory in use after: 97.6 MB.

Unloading 12 unused Assets to reduce memory usage. Loaded Objects now: 2634.
Total: 2.086900 ms (FindLiveObjects: 0.259600 ms CreateObjectMapping: 0.075200 ms MarkObjects: 1.733500 ms  DeleteObjects: 0.017600 ms)

========================================================================
Received Prepare
Registering precompiled user dll's ...
Registered in 0.001899 seconds.
Begin MonoManager ReloadAssembly
Native extension for WindowsStandalone target not found
Native extension for WebGL target not found
Refreshing native plugins compatible for Editor in 0.50 ms, found 1 plugins.
Preloading 0 native plugins for Editor in 0.00 ms.
Invoked RoslynAnalysisRunner static constructor.
RoslynAnalysisRunner will not be running.
RoslynAnalysisRunner has terminated.
Mono: successfully reloaded assembly
- Completed reload, in  0.718 seconds
Platform modules already initialized, skipping
Refreshing native plugins compatible for Editor in 0.46 ms, found 1 plugins.
Preloading 0 native plugins for Editor in 0.00 ms.
Unloading 2026 Unused Serialized files (Serialized files now loaded: 0)
System memory in use before: 97.5 MB.
System memory in use after: 97.7 MB.

Unloading 12 unused Assets to reduce memory usage. Loaded Objects now: 2639.
Total: 2.561700 ms (FindLiveObjects: 0.316500 ms CreateObjectMapping: 0.074300 ms MarkObjects: 2.151000 ms  DeleteObjects: 0.018100 ms)

========================================================================
Received Prepare
Registering precompiled user dll's ...
Registered in 0.001844 seconds.
Begin MonoManager ReloadAssembly
Native extension for WindowsStandalone target not found
Native extension for WebGL target not found
Refreshing native plugins compatible for Editor in 0.46 ms, found 1 plugins.
Preloading 0 native plugins for Editor in 0.00 ms.
Invoked RoslynAnalysisRunner static constructor.
RoslynAnalysisRunner will not be running.
RoslynAnalysisRunner has terminated.
Mono: successfully reloaded assembly
- Completed reload, in  0.716 seconds
Platform modules already initialized, skipping
Refreshing native plugins compatible for Editor in 0.47 ms, found 1 plugins.
Preloading 0 native plugins for Editor in 0.00 ms.
Unloading 2026 Unused Serialized files (Serialized files now loaded: 0)
System memory in use before: 97.5 MB.
System memory in use after: 97.7 MB.

Unloading 12 unused Assets to reduce memory usage. Loaded Objects now: 2644.
Total: 2.166600 ms (FindLiveObjects: 0.253300 ms CreateObjectMapping: 0.064800 ms MarkObjects: 1.830100 ms  DeleteObjects: 0.017300 ms)

========================================================================
Received Prepare
Registering precompiled user dll's ...
Registered in 0.001864 seconds.
Begin MonoManager ReloadAssembly
Native extension for WindowsStandalone target not found
Native extension for WebGL target not found
Refreshing native plugins compatible for Editor in 0.50 ms, found 1 plugins.
Preloading 0 native plugins for Editor in 0.00 ms.
Invoked RoslynAnalysisRunner static constructor.
RoslynAnalysisRunner will not be running.
RoslynAnalysisRunner has terminated.
Mono: successfully reloaded assembly
- Completed reload, in  0.727 seconds
Platform modules already initialized, skipping
Refreshing native plugins compatible for Editor in 0.49 ms, found 1 plugins.
Preloading 0 native plugins for Editor in 0.00 ms.
Unloading 2026 Unused Serialized files (Serialized files now loaded: 0)
System memory in use before: 97.6 MB.
System memory in use after: 97.7 MB.

Unloading 12 unused Assets to reduce memory usage. Loaded Objects now: 2649.
Total: 2.030000 ms (FindLiveObjects: 0.259300 ms CreateObjectMapping: 0.088100 ms MarkObjects: 1.664500 ms  DeleteObjects: 0.017400 ms)

========================================================================
Received Import Request.
  Time since last request: 178.915588 seconds.
  path: Assets/Scenes/Menu.unity
  artifactKey: Guid(2cda990e2423bbf4892e6590ba056729) Importer(815301076,1909f56bfc062723c751e8b465ee728b)
Start importing Assets/Scenes/Menu.unity using Guid(2cda990e2423bbf4892e6590ba056729) Importer(815301076,1909f56bfc062723c751e8b465ee728b)  -> (artifact id: '9b1bfc0216d60f07ea50e7f7ea159c03') in 0.009074 seconds
  Import took 0.011958 seconds .

========================================================================
Received Import Request.
  Time since last request: 304.378001 seconds.
  path: Assets/Resources/PhotonNetworkPrefabs/Player.prefab
  artifactKey: Guid(d447ba22adc4e0640a6853a3c70bcdb5) Importer(815301076,1909f56bfc062723c751e8b465ee728b)
Start importing Assets/Resources/PhotonNetworkPrefabs/Player.prefab using Guid(d447ba22adc4e0640a6853a3c70bcdb5) Importer(815301076,1909f56bfc062723c751e8b465ee728b)  -> (artifact id: '99a87a781990337e7291987a226b4668') in 0.036019 seconds
  Import took 0.039272 seconds .

========================================================================
Received Import Request.
  Time since last request: 2.596476 seconds.
  path: Assets/Resources/PhotonNetworkPrefabs/Player.prefab
  artifactKey: Guid(d447ba22adc4e0640a6853a3c70bcdb5) Importer(815301076,1909f56bfc062723c751e8b465ee728b)
Start importing Assets/Resources/PhotonNetworkPrefabs/Player.prefab using Guid(d447ba22adc4e0640a6853a3c70bcdb5) Importer(815301076,1909f56bfc062723c751e8b465ee728b)  -> (artifact id: '3e112c79a210922de8d25f42a911a0b6') in 0.008282 seconds
  Import took 0.011486 seconds .

========================================================================
Received Import Request.
  Time since last request: 40.980781 seconds.
  path: Assets/Resources/PhotonNetworkPrefabs/Player.prefab
  artifactKey: Guid(d447ba22adc4e0640a6853a3c70bcdb5) Importer(815301076,1909f56bfc062723c751e8b465ee728b)
Start importing Assets/Resources/PhotonNetworkPrefabs/Player.prefab using Guid(d447ba22adc4e0640a6853a3c70bcdb5) Importer(815301076,1909f56bfc062723c751e8b465ee728b)  -> (artifact id: 'c3c0241128e75341e16d12ff2d8aa339') in 0.008904 seconds
  Import took 0.012032 seconds .

========================================================================
Received Prepare
Registering precompiled user dll's ...
Registered in 0.001729 seconds.
Begin MonoManager ReloadAssembly
Native extension for WindowsStandalone target not found
Native extension for WebGL target not found
Refreshing native plugins compatible for Editor in 0.45 ms, found 1 plugins.
Preloading 0 native plugins for Editor in 0.00 ms.
Invoked RoslynAnalysisRunner static constructor.
RoslynAnalysisRunner will not be running.
RoslynAnalysisRunner has terminated.
Mono: successfully reloaded assembly
- Completed reload, in  0.641 seconds
Platform modules already initialized, skipping
Refreshing native plugins compatible for Editor in 0.48 ms, found 1 plugins.
Preloading 0 native plugins for Editor in 0.00 ms.
Unloading 2026 Unused Serialized files (Serialized files now loaded: 0)
System memory in use before: 97.6 MB.
System memory in use after: 97.7 MB.

Unloading 12 unused Assets to reduce memory usage. Loaded Objects now: 2655.
Total: 1.893500 ms (FindLiveObjects: 0.269000 ms CreateObjectMapping: 0.061500 ms MarkObjects: 1.545900 ms  DeleteObjects: 0.015800 ms)

========================================================================
Received Prepare
Registering precompiled user dll's ...
Registered in 0.001903 seconds.
Begin MonoManager ReloadAssembly
Native extension for WindowsStandalone target not found
Native extension for WebGL target not found
Refreshing native plugins compatible for Editor in 0.49 ms, found 1 plugins.
Preloading 0 native plugins for Editor in 0.00 ms.
Invoked RoslynAnalysisRunner static constructor.
RoslynAnalysisRunner will not be running.
RoslynAnalysisRunner has terminated.
Mono: successfully reloaded assembly
- Completed reload, in  0.630 seconds
Platform modules already initialized, skipping
Refreshing native plugins compatible for Editor in 0.46 ms, found 1 plugins.
Preloading 0 native plugins for Editor in 0.00 ms.
Unloading 2026 Unused Serialized files (Serialized files now loaded: 0)
System memory in use before: 97.6 MB.
System memory in use after: 97.7 MB.

Unloading 12 unused Assets to reduce memory usage. Loaded Objects now: 2660.
Total: 2.108300 ms (FindLiveObjects: 0.212300 ms CreateObjectMapping: 0.080000 ms MarkObjects: 1.798200 ms  DeleteObjects: 0.016900 ms)

========================================================================
Received Import Request.
  Time since last request: 147.765064 seconds.
  path: Assets/Resources/PhotonNetworkPrefabs/Player.prefab
  artifactKey: Guid(d447ba22adc4e0640a6853a3c70bcdb5) Importer(815301076,1909f56bfc062723c751e8b465ee728b)
Start importing Assets/Resources/PhotonNetworkPrefabs/Player.prefab using Guid(d447ba22adc4e0640a6853a3c70bcdb5) Importer(815301076,1909f56bfc062723c751e8b465ee728b)  -> (artifact id: '5f838f573a94b56bc6a9153345266ab1') in 0.042791 seconds
  Import took 0.045834 seconds .

========================================================================
Received Prepare
Registering precompiled user dll's ...
Registered in 0.001909 seconds.
Begin MonoManager ReloadAssembly
Native extension for WindowsStandalone target not found
Native extension for WebGL target not found
Refreshing native plugins compatible for Editor in 0.46 ms, found 1 plugins.
Preloading 0 native plugins for Editor in 0.00 ms.
Invoked RoslynAnalysisRunner static constructor.
RoslynAnalysisRunner will not be running.
RoslynAnalysisRunner has terminated.
Mono: successfully reloaded assembly
- Completed reload, in  0.620 seconds
Platform modules already initialized, skipping
Refreshing native plugins compatible for Editor in 0.43 ms, found 1 plugins.
Preloading 0 native plugins for Editor in 0.00 ms.
Unloading 2026 Unused Serialized files (Serialized files now loaded: 0)
System memory in use before: 97.6 MB.
System memory in use after: 97.7 MB.

Unloading 12 unused Assets to reduce memory usage. Loaded Objects now: 2666.
Total: 2.211900 ms (FindLiveObjects: 0.223200 ms CreateObjectMapping: 0.075500 ms MarkObjects: 1.897300 ms  DeleteObjects: 0.015100 ms)

========================================================================
Received Import Request.
  Time since last request: 391.999133 seconds.
  path: Assets/Map/MapPalette.prefab
  artifactKey: Guid(765b3ff03b5d27f4c86139845ec05cd6) Importer(815301076,1909f56bfc062723c751e8b465ee728b)
Start importing Assets/Map/MapPalette.prefab using Guid(765b3ff03b5d27f4c86139845ec05cd6) Importer(815301076,1909f56bfc062723c751e8b465ee728b)  -> (artifact id: '135f6bec78658c9f9a2ea0fb688e6e37') in 0.018690 seconds
  Import took 0.021902 seconds .

========================================================================
Received Import Request.
  Time since last request: 0.000164 seconds.
  path: Assets/Map/Wall.asset
  artifactKey: Guid(c07706fdc56a97b4b8b9b560b3f8a318) Importer(815301076,1909f56bfc062723c751e8b465ee728b)
Start importing Assets/Map/Wall.asset using Guid(c07706fdc56a97b4b8b9b560b3f8a318) Importer(815301076,1909f56bfc062723c751e8b465ee728b)  -> (artifact id: '6a13bc0e7ffae0ce577969c73793b82b') in 0.018413 seconds
  Import took 0.020980 seconds .

========================================================================
Received Prepare
Registering precompiled user dll's ...
Registered in 0.001711 seconds.
Begin MonoManager ReloadAssembly
Native extension for WindowsStandalone target not found
Native extension for WebGL target not found
Refreshing native plugins compatible for Editor in 0.46 ms, found 1 plugins.
Preloading 0 native plugins for Editor in 0.00 ms.
Invoked RoslynAnalysisRunner static constructor.
RoslynAnalysisRunner will not be running.
RoslynAnalysisRunner has terminated.
Mono: successfully reloaded assembly
- Completed reload, in  0.640 seconds
Platform modules already initialized, skipping
Refreshing native plugins compatible for Editor in 0.45 ms, found 1 plugins.
Preloading 0 native plugins for Editor in 0.00 ms.
Unloading 2026 Unused Serialized files (Serialized files now loaded: 0)
System memory in use before: 97.6 MB.
System memory in use after: 97.7 MB.

Unloading 12 unused Assets to reduce memory usage. Loaded Objects now: 2673.
Total: 1.792200 ms (FindLiveObjects: 0.198000 ms CreateObjectMapping: 0.049400 ms MarkObjects: 1.528300 ms  DeleteObjects: 0.015400 ms)

========================================================================
Received Prepare
Registering precompiled user dll's ...
Registered in 0.001778 seconds.
Begin MonoManager ReloadAssembly
Native extension for WindowsStandalone target not found
Native extension for WebGL target not found
Refreshing native plugins compatible for Editor in 0.47 ms, found 1 plugins.
Preloading 0 native plugins for Editor in 0.00 ms.
Invoked RoslynAnalysisRunner static constructor.
RoslynAnalysisRunner will not be running.
RoslynAnalysisRunner has terminated.
Mono: successfully reloaded assembly
- Completed reload, in  0.627 seconds
Platform modules already initialized, skipping
Refreshing native plugins compatible for Editor in 0.45 ms, found 1 plugins.
Preloading 0 native plugins for Editor in 0.00 ms.
Unloading 2026 Unused Serialized files (Serialized files now loaded: 0)
System memory in use before: 97.6 MB.
System memory in use after: 97.8 MB.

Unloading 12 unused Assets to reduce memory usage. Loaded Objects now: 2678.
Total: 2.099900 ms (FindLiveObjects: 0.271100 ms CreateObjectMapping: 0.094500 ms MarkObjects: 1.716400 ms  DeleteObjects: 0.016500 ms)

========================================================================
Received Prepare
Registering precompiled user dll's ...
Registered in 0.001779 seconds.
Begin MonoManager ReloadAssembly
Native extension for WindowsStandalone target not found
Native extension for WebGL target not found
Refreshing native plugins compatible for Editor in 0.47 ms, found 1 plugins.
Preloading 0 native plugins for Editor in 0.00 ms.
Invoked RoslynAnalysisRunner static constructor.
RoslynAnalysisRunner will not be running.
RoslynAnalysisRunner has terminated.
Mono: successfully reloaded assembly
- Completed reload, in  0.643 seconds
Platform modules already initialized, skipping
Refreshing native plugins compatible for Editor in 0.45 ms, found 1 plugins.
Preloading 0 native plugins for Editor in 0.00 ms.
Unloading 2027 Unused Serialized files (Serialized files now loaded: 0)
System memory in use before: 97.7 MB.
System memory in use after: 97.8 MB.

Unloading 12 unused Assets to reduce memory usage. Loaded Objects now: 2684.
Total: 2.052300 ms (FindLiveObjects: 0.263100 ms CreateObjectMapping: 0.096500 ms MarkObjects: 1.673800 ms  DeleteObjects: 0.016100 ms)

========================================================================
Received Import Request.
  Time since last request: 588.925677 seconds.
  path: Assets/Scripts/AvatarCombat.cs
  artifactKey: Guid(baa224c384d7f9646a2087d6a3ca450d) Importer(815301076,1909f56bfc062723c751e8b465ee728b)
Start importing Assets/Scripts/AvatarCombat.cs using Guid(baa224c384d7f9646a2087d6a3ca450d) Importer(815301076,1909f56bfc062723c751e8b465ee728b)  -> (artifact id: 'bcd54a25ede5a7e45eda4262a9f27bd9') in 0.004657 seconds
  Import took 0.007690 seconds .

========================================================================
Received Prepare
Registering precompiled user dll's ...
Registered in 0.001905 seconds.
Begin MonoManager ReloadAssembly
Native extension for WindowsStandalone target not found
Native extension for WebGL target not found
Refreshing native plugins compatible for Editor in 0.46 ms, found 1 plugins.
Preloading 0 native plugins for Editor in 0.00 ms.
Invoked RoslynAnalysisRunner static constructor.
RoslynAnalysisRunner will not be running.
RoslynAnalysisRunner has terminated.
Mono: successfully reloaded assembly
- Completed reload, in  0.651 seconds
Platform modules already initialized, skipping
Refreshing native plugins compatible for Editor in 0.44 ms, found 1 plugins.
Preloading 0 native plugins for Editor in 0.00 ms.
Unloading 2027 Unused Serialized files (Serialized files now loaded: 0)
System memory in use before: 97.7 MB.
System memory in use after: 97.8 MB.

Unloading 12 unused Assets to reduce memory usage. Loaded Objects now: 2689.
Total: 2.216900 ms (FindLiveObjects: 0.446000 ms CreateObjectMapping: 0.109400 ms MarkObjects: 1.643500 ms  DeleteObjects: 0.016500 ms)

========================================================================
Received Import Request.
  Time since last request: 900.194400 seconds.
  path: Assets/Scripts/AvatarCombat.cs
  artifactKey: Guid(baa224c384d7f9646a2087d6a3ca450d) Importer(815301076,1909f56bfc062723c751e8b465ee728b)
Start importing Assets/Scripts/AvatarCombat.cs using Guid(baa224c384d7f9646a2087d6a3ca450d) Importer(815301076,1909f56bfc062723c751e8b465ee728b)  -> (artifact id: '415ea99d659451b79fec5d80da030b0b') in 0.004280 seconds
  Import took 0.007320 seconds .

========================================================================
Received Import Request.
  Time since last request: 0.026971 seconds.
  path: Assets/Scripts/AvatarCombat.cs
  artifactKey: Guid(baa224c384d7f9646a2087d6a3ca450d) Importer(815301076,1909f56bfc062723c751e8b465ee728b)
Start importing Assets/Scripts/AvatarCombat.cs using Guid(baa224c384d7f9646a2087d6a3ca450d) Importer(815301076,1909f56bfc062723c751e8b465ee728b)  -> (artifact id: '415ea99d659451b79fec5d80da030b0b') in 0.001507 seconds
  Import took 0.004362 seconds .

========================================================================
Received Prepare
Registering precompiled user dll's ...
Registered in 0.001762 seconds.
Begin MonoManager ReloadAssembly
Native extension for WindowsStandalone target not found
Native extension for WebGL target not found
Refreshing native plugins compatible for Editor in 0.46 ms, found 1 plugins.
Preloading 0 native plugins for Editor in 0.00 ms.
Invoked RoslynAnalysisRunner static constructor.
RoslynAnalysisRunner will not be running.
RoslynAnalysisRunner has terminated.
Mono: successfully reloaded assembly
- Completed reload, in  0.635 seconds
Platform modules already initialized, skipping
Refreshing native plugins compatible for Editor in 0.46 ms, found 1 plugins.
Preloading 0 native plugins for Editor in 0.00 ms.
Unloading 2027 Unused Serialized files (Serialized files now loaded: 0)
System memory in use before: 97.7 MB.
System memory in use after: 97.8 MB.

Unloading 12 unused Assets to reduce memory usage. Loaded Objects now: 2694.
Total: 2.308500 ms (FindLiveObjects: 0.431200 ms CreateObjectMapping: 0.138100 ms MarkObjects: 1.718500 ms  DeleteObjects: 0.019400 ms)

========================================================================
Received Prepare
Registering precompiled user dll's ...
Registered in 0.001773 seconds.
Begin MonoManager ReloadAssembly
Native extension for WindowsStandalone target not found
Native extension for WebGL target not found
Refreshing native plugins compatible for Editor in 0.46 ms, found 1 plugins.
Preloading 0 native plugins for Editor in 0.00 ms.
Invoked RoslynAnalysisRunner static constructor.
RoslynAnalysisRunner will not be running.
RoslynAnalysisRunner has terminated.
Mono: successfully reloaded assembly
- Completed reload, in  0.634 seconds
Platform modules already initialized, skipping
Refreshing native plugins compatible for Editor in 0.45 ms, found 1 plugins.
Preloading 0 native plugins for Editor in 0.00 ms.
Unloading 2027 Unused Serialized files (Serialized files now loaded: 0)
System memory in use before: 97.7 MB.
System memory in use after: 97.8 MB.

Unloading 12 unused Assets to reduce memory usage. Loaded Objects now: 2699.
Total: 2.112400 ms (FindLiveObjects: 0.448900 ms CreateObjectMapping: 0.085200 ms MarkObjects: 1.561000 ms  DeleteObjects: 0.016200 ms)

========================================================================
Received Prepare
Registering precompiled user dll's ...
Registered in 0.001933 seconds.
Begin MonoManager ReloadAssembly
Native extension for WindowsStandalone target not found
Native extension for WebGL target not found
Refreshing native plugins compatible for Editor in 0.46 ms, found 1 plugins.
Preloading 0 native plugins for Editor in 0.00 ms.
Invoked RoslynAnalysisRunner static constructor.
RoslynAnalysisRunner will not be running.
RoslynAnalysisRunner has terminated.
Mono: successfully reloaded assembly
- Completed reload, in  0.639 seconds
Platform modules already initialized, skipping
Refreshing native plugins compatible for Editor in 0.48 ms, found 1 plugins.
Preloading 0 native plugins for Editor in 0.00 ms.
Unloading 2027 Unused Serialized files (Serialized files now loaded: 0)
System memory in use before: 97.7 MB.
System memory in use after: 97.8 MB.

Unloading 12 unused Assets to reduce memory usage. Loaded Objects now: 2704.
Total: 2.229300 ms (FindLiveObjects: 0.340200 ms CreateObjectMapping: 0.130200 ms MarkObjects: 1.739500 ms  DeleteObjects: 0.018400 ms)

AssetImportWorkerClient::OnTransportError - code=2 error=End of file
